<?xml version="1.0" encoding="UTF-8"?>
<!-- Generated by org.testng.reporters.JUnitXMLReporter -->
<testsuite ignored="0" hostname="DESKTOP-V2RM7QU" failures="0" tests="6" name="Default test" time="43.053" errors="0" timestamp="2023-05-17T14:48:13 IST">
  <testcase classname="testScripts.TestCases" name="CartFunctionality" time="16.0"/>
  <testcase classname="testScripts.TestCases" name="CompleteCheckOutFlow" time="6.854"/>
  <testcase classname="testScripts.TestCases" name="LoginTest" time="0.508"/>
  <testcase classname="testScripts.TestCases" name="LoginWithInvalidUser" time="0.359"/>
  <testcase classname="testScripts.TestCases" name="LoginWithMissingUsername" time="0.266"/>
  <testcase classname="testScripts.TestCases" name="LoginWithMissingPassword" time="0.261"/>
</testsuite> <!-- Default test -->
